-------------------------------------------------------------------------------
Test set: com.javaruszglowa.model.SoldierTest
-------------------------------------------------------------------------------
Tests run: 13, Failures: 1, Errors: 0, Skipped: 0, Time elapsed: 0.044 s <<< FAILURE! - in com.javaruszglowa.model.SoldierTest
com.javaruszglowa.model.SoldierTest.testGainExperienceWithoutPromotion  Time elapsed: 0 s  <<< FAILURE!
org.opentest4j.AssertionFailedError: Doświadczenie powinno wynosić 5 po 4-krotnym wywołaniu gainExperience ==> expected: <5> but was: <1>
	at com.javaruszglowa.model.SoldierTest.testGainExperienceWithoutPromotion(SoldierTest.java:33)

