-------------------------------------------------------------------------------
Test set: com.javaruszglowa.model.GeneralTest
-------------------------------------------------------------------------------
Tests run: 10, Failures: 3, Errors: 2, Skipped: 0, Time elapsed: 0.37 s <<< FAILURE! - in com.javaruszglowa.model.GeneralTest
com.javaruszglowa.model.GeneralTest.testPerformManeuvers  Time elapsed: 0 s  <<< FAILURE!
org.opentest4j.AssertionFailedError: expected: <1> but was: <2>
	at com.javaruszglowa.model.GeneralTest.testPerformManeuvers(GeneralTest.java:40)

com.javaruszglowa.model.GeneralTest.testSaveAndLoadFromFile  Time elapsed: 0.325 s  <<< ERROR!
com.fasterxml.jackson.databind.exc.InvalidDefinitionException: 
Cannot construct instance of `com.javaruszglowa.model.General` (no Creators, like default constructor, exist): cannot deserialize from Object value (no delegate- or property-based Creator)
 at [Source: (File); line: 1, column: 2]
	at com.javaruszglowa.model.GeneralTest.testSaveAndLoadFromFile(GeneralTest.java:119)

com.javaruszglowa.model.GeneralTest.testAttackWin  Time elapsed: 0.002 s  <<< FAILURE!
org.opentest4j.AssertionFailedError: expected: <true> but was: <false>
	at com.javaruszglowa.model.GeneralTest.testAttackWin(GeneralTest.java:75)

com.javaruszglowa.model.GeneralTest.testPerformManeuversInsufficientGold  Time elapsed: 0 s  <<< ERROR!
java.lang.IllegalStateException: Not enough gold to recruit a PRIVATE
	at com.javaruszglowa.model.GeneralTest.testPerformManeuversInsufficientGold(GeneralTest.java:47)

com.javaruszglowa.model.GeneralTest.testAttackLose  Time elapsed: 0 s  <<< FAILURE!
org.opentest4j.AssertionFailedError: expected: <true> but was: <false>
	at com.javaruszglowa.model.GeneralTest.testAttackLose(GeneralTest.java:92)

