<?xml version="1.0" encoding="UTF-8"?>
<testsuite xmlns:xsi="http://www.w3.org/2001/XMLSchema-instance" xsi:noNamespaceSchemaLocation="https://maven.apache.org/surefire/maven-surefire-plugin/xsd/surefire-test-report-3.0.xsd" version="3.0" name="com.javaruszglowa.model.SoldierTest" time="0.044" tests="13" errors="0" skipped="0" failures="1">
  <properties>
[...]
</properties>
  <testcase name="testIsAliveFalse" classname="com.javaruszglowa.model.SoldierTest" time="0"/>
  <testcase name="testNegativeExperience" classname="com.javaruszglowa.model.SoldierTest" time="0"/>
  <testcase name="testInvalidRank" classname="com.javaruszglowa.model.SoldierTest" time="0.01"/>
  <testcase name="testIsAliveTrue" classname="com.javaruszglowa.model.SoldierTest" time="0"/>
  <testcase name="testLoseExperienceToZero" classname="com.javaruszglowa.model.SoldierTest" time="0"/>
  <testcase name="testGetStrength" classname="com.javaruszglowa.model.SoldierTest" time="0"/>
  <testcase name="testToString" classname="com.javaruszglowa.model.SoldierTest" time="0"/>
  <testcase name="testGetRank" classname="com.javaruszglowa.model.SoldierTest" time="0"/>
  <testcase name="testPromoteToHighestRank" classname="com.javaruszglowa.model.SoldierTest" time="0"/>
  <testcase name="testGainExperienceWithoutPromotion" classname="com.javaruszglowa.model.SoldierTest" time="0">
    <failure type="org.opentest4j.AssertionFailedError"><![CDATA[org.opentest4j.AssertionFailedError: Doświadczenie powinno wynosić 5 po 4-krotnym wywołaniu gainExperience ==> expected: <5> but was: <1>
	at com.javaruszglowa.model.SoldierTest.testGainExperienceWithoutPromotion(SoldierTest.java:33)
]]></failure>
  </testcase>
  <testcase name="testLoseExperience" classname="com.javaruszglowa.model.SoldierTest" time="0"/>
  <testcase name="testGetExperience" classname="com.javaruszglowa.model.SoldierTest" time="0"/>
  <testcase name="testGainExperienceWithPromotion" classname="com.javaruszglowa.model.SoldierTest" time="0.016"/>
</testsuite>